[2016-09-23 18:57:47.1961] 
客户机IP:::1
错误地址:http://localhost:16976/favicon.ico
异常信息:文件不存在。
[2016-09-23 18:57:47.1961] 
客户机IP:::1
错误地址:http://localhost:16976/
异常信息:文件不存在。
[2016-09-23 18:57:50.1213] 
客户机IP:::1
错误地址:http://localhost:16976/admin/
异常信息:文件不存在。
[2016-09-23 18:58:00.5689] 
客户机IP:::1
错误地址:http://localhost:16976/upload/201605/01/201605011612358398.png
异常信息:文件不存在。
[2016-09-23 18:58:00.6349] 
客户机IP:::1
错误地址:http://localhost:16976/upload/201605/01/201605011612358398.png
异常信息:文件不存在。
[2016-09-23 19:01:30.0889] 
客户机IP:::1
错误地址:http://localhost:16976/tools/upload_ajax.ashx?action=config&&noCache=1474628490081
异常信息:未将对象引用设置到对象的实例。
[2016-09-23 19:02:27.6072] 
客户机IP:::1
错误地址:http://localhost:16976/tools/upload_ajax.ashx?action=config&&noCache=1474628547502
异常信息:未将对象引用设置到对象的实例。
[2016-09-23 19:04:47.3511] 
客户机IP:::1
错误地址:http://localhost:16976/tools/upload_ajax.ashx?action=config&&noCache=1474628687236
异常信息:未将对象引用设置到对象的实例。
[2016-09-23 19:05:09.8084] 
客户机IP:::1
错误地址:http://localhost:16976/upload/201605/01/201605011612358398.png
异常信息:文件不存在。
[2016-09-23 19:05:09.8524] 
客户机IP:::1
错误地址:http://localhost:16976/upload/201605/01/201605011612358398.png
异常信息:文件不存在。
[2016-09-23 19:34:16.9064] 
客户机IP:::1
错误地址:http://localhost:16976/upload/201605/01/201605011612358398.png
异常信息:文件不存在。
[2016-09-23 19:35:23.5162] 
客户机IP:::1
错误地址:http://localhost:16976/upload/201605/01/201605011612358398.png
异常信息:文件不存在。
[2016-09-23 19:35:23.6832] 
客户机IP:::1
错误地址:http://localhost:16976/upload/201605/01/201605011612358398.png
异常信息:文件不存在。
[2016-09-23 19:35:23.7242] 
客户机IP:::1
错误地址:http://localhost:16976/upload/201605/01/201605011612358398.png
异常信息:文件不存在。
[2016-09-23 19:35:26.7224] 
客户机IP:::1
错误地址:http://localhost:16976/upload/201605/01/201605011612358398.png
异常信息:文件不存在。
[2016-09-23 19:35:26.7604] 
客户机IP:::1
错误地址:http://localhost:16976/upload/201605/01/201605011612358398.png
异常信息:文件不存在。
[2016-09-23 19:35:27.1654] 
客户机IP:::1
错误地址:http://localhost:16976/upload/201605/01/201605011612358398.png
异常信息:文件不存在。
[2016-09-23 19:35:27.2154] 
客户机IP:::1
错误地址:http://localhost:16976/upload/201605/01/201605011612358398.png
异常信息:文件不存在。
[2016-09-23 19:35:27.4294] 
客户机IP:::1
错误地址:http://localhost:16976/upload/201605/01/201605011612358398.png
异常信息:文件不存在。
[2016-09-23 19:35:27.4854] 
客户机IP:::1
错误地址:http://localhost:16976/upload/201605/01/201605011612358398.png
异常信息:文件不存在。
[2016-09-23 19:36:07.8887] 
客户机IP:::1
错误地址:http://localhost:16976/upload/201605/01/201605011612358398.png
异常信息:文件不存在。
[2016-09-23 19:36:07.9377] 
客户机IP:::1
错误地址:http://localhost:16976/upload/201605/01/201605011612358398.png
异常信息:文件不存在。
[2016-09-23 19:36:58.8936] 
客户机IP:::1
错误地址:http://localhost:16976/favicon.ico
异常信息:文件不存在。
[2016-09-23 19:36:58.9866] 
客户机IP:::1
错误地址:http://localhost:16976/favicon.ico
异常信息:文件不存在。
[2016-09-23 19:37:05.6860] 
客户机IP:::1
错误地址:http://localhost:16976/upload/201605/01/201605011612358398.png
异常信息:文件不存在。
[2016-09-23 19:37:05.8790] 
客户机IP:::1
错误地址:http://localhost:16976/upload/201605/01/201605011612358398.png
异常信息:文件不存在。
[2016-09-23 19:37:19.6138] 
客户机IP:::1
错误地址:http://localhost:16976/upload/201605/01/201605011612358398.png
异常信息:文件不存在。
[2016-09-23 19:39:51.9065] 
客户机IP:::1
错误地址:http://localhost:16976/upload/201605/01/201605011612358398.png
异常信息:文件不存在。
[2016-09-23 19:39:51.9635] 
客户机IP:::1
错误地址:http://localhost:16976/upload/201605/01/201605011612358398.png
异常信息:文件不存在。
[2016-09-23 19:40:02.7481] 
客户机IP:::1
错误地址:http://localhost:16976/upload/201605/01/201605011612358398.png
异常信息:文件不存在。
[2016-09-23 19:40:02.9862] 
客户机IP:::1
错误地址:http://localhost:16976/upload/201605/01/201605011612358398.png
异常信息:文件不存在。
[2016-09-23 19:40:03.0432] 
客户机IP:::1
错误地址:http://localhost:16976/upload/201605/01/201605011612358398.png
异常信息:文件不存在。
[2016-09-23 19:44:02.2348] 
客户机IP:::1
错误地址:http://localhost:16976/upload/201605/01/201605011612358398.png
异常信息:文件不存在。
[2016-09-23 19:44:04.0229] 
客户机IP:::1
错误地址:http://localhost:16976/upload/201605/01/201605011612358398.png
异常信息:文件不存在。
[2016-09-23 19:44:04.1139] 
客户机IP:::1
错误地址:http://localhost:16976/upload/201605/01/201605011612358398.png
异常信息:文件不存在。
[2016-09-23 19:46:46.8493] 
客户机IP:::1
错误地址:http://localhost:16976/upload/201605/01/201605011612358398.png
异常信息:文件不存在。
[2016-09-23 19:46:47.3183] 
客户机IP:::1
错误地址:http://localhost:16976/upload/201605/01/201605011612358398.png
异常信息:文件不存在。
[2016-09-23 19:59:37.4163] 
客户机IP:::1
错误地址:http://localhost:16976/upload/201605/01/201605011612358398.png
异常信息:文件不存在。
[2016-09-23 19:59:37.4613] 
客户机IP:::1
错误地址:http://localhost:16976/upload/201605/01/201605011612358398.png
异常信息:文件不存在。
[2016-09-23 19:59:50.3971] 
客户机IP:::1
错误地址:http://localhost:16976/upload/201605/01/201605011612358398.png
异常信息:文件不存在。
[2016-09-23 20:02:22.4228] 
客户机IP:::1
错误地址:http://localhost:16976/plugins/forum/admin/post_list.aspx
异常信息:未能加载类型“DTcms.Web.Plugin.Forum.admin.post_list”。
[2016-09-23 20:02:23.1478] 
客户机IP:::1
错误地址:http://localhost:16976/plugins/forum/admin/board_list.aspx
异常信息:未能加载类型“DTcms.Web.Plugin.Forum.admin.board_list”。
[2016-09-23 20:02:23.9579] 
客户机IP:::1
错误地址:http://localhost:16976/plugins/forum/admin/post_list.aspx
异常信息:未能加载类型“DTcms.Web.Plugin.Forum.admin.post_list”。
[2016-09-23 20:43:43.5167] 
客户机IP:::1
错误地址:http://localhost:16976/
异常信息:文件不存在。
[2016-09-23 20:49:13.3375] 
客户机IP:::1
错误地址:http://localhost:16976/
异常信息:文件不存在。
[2016-09-23 21:43:39.6724] 
客户机IP:::1
错误地址:http://localhost:16976/plugins/forum/admin/post_list.aspx
异常信息:未能加载类型“DTcms.Web.Plugin.Forum.admin.post_list”。
[2016-09-23 21:43:40.2984] 
客户机IP:::1
错误地址:http://localhost:16976/plugins/forum/admin/board_list.aspx
异常信息:未能加载类型“DTcms.Web.Plugin.Forum.admin.board_list”。
[2016-09-23 21:46:28.1180] 
客户机IP:::1
错误地址:http://localhost:16976/plugins/forum/images/style.css
异常信息:文件不存在。
[2016-09-23 21:46:39.2146] 
客户机IP:::1
错误地址:http://localhost:16976/
异常信息:文件不存在。
