[2016-09-25 12:09:43.0199] 
客户机IP:::1
错误地址:http://localhost:16976/
异常信息:文件不存在。
[2016-09-25 12:09:50.9504] 
客户机IP:::1
错误地址:http://localhost:16976/admin/
异常信息:文件不存在。
[2016-09-25 12:18:54.5925] 
客户机IP:::1
错误地址:http://localhost:16976/
异常信息:文件不存在。
[2016-09-25 12:36:55.0413] 
客户机IP:::1
错误地址:http://localhost:16976/
异常信息:文件不存在。
[2016-09-25 12:37:49.2004] 
客户机IP:::1
错误地址:http://localhost:16976/html/main/goods.html
异常信息:文件不存在。
[2016-09-25 12:38:06.3613] 
客户机IP:::1
错误地址:http://localhost:16976/html/main/video.html
异常信息:文件不存在。
[2016-09-25 12:38:30.4117] 
客户机IP:::1
错误地址:http://localhost:16976/html/main/photo.html
异常信息:文件不存在。
[2016-09-25 12:38:45.5086] 
客户机IP:::1
错误地址:http://localhost:16976/html/main/down.html
异常信息:文件不存在。
[2016-09-25 13:01:41.3583] 
客户机IP:::1
错误地址:http://localhost:16976/
异常信息:用户 'sa' 登录失败。
[2016-09-25 13:02:00.1673] 
客户机IP:::1
错误地址:http://localhost:16976/
异常信息:文件不存在。
[2016-09-25 13:02:02.2325] 
客户机IP:::1
错误地址:http://localhost:16976/
异常信息:文件不存在。
[2016-09-25 13:02:48.5981] 
客户机IP:::1
错误地址:http://localhost:16976/templates/数据绑定/数据绑定
异常信息:文件不存在。
